E:\DAFANG\VECTORDISTANCE3\DEBUG\VECTORDISTANCE3.EXE
E:\DAFANG\VECTORDISTANCE3\DEBUG\VECTORDISTANCE3.ILK
E:\DAFANG\VECTORDISTANCE3\DEBUG\VECTORDISTANCE3.PDB
E:\dafang\VectorDistance3\VectorDistance3\Debug\kernel.cu.cache
E:\dafang\VectorDistance3\VectorDistance3\Debug\kernel.cu.obj
E:\dafang\VectorDistance3\VectorDistance3\Debug\link.4892.read.1.tlog
E:\dafang\VectorDistance3\VectorDistance3\Debug\link.4892.write.1.tlog
E:\dafang\VectorDistance3\VectorDistance3\Debug\link.4892-cvtres.read.1.tlog
E:\dafang\VectorDistance3\VectorDistance3\Debug\link.4892-cvtres.write.1.tlog
E:\dafang\VectorDistance3\VectorDistance3\Debug\link.command.1.tlog
E:\dafang\VectorDistance3\VectorDistance3\Debug\link.read.1.tlog
E:\dafang\VectorDistance3\VectorDistance3\Debug\link.write.1.tlog
E:\dafang\VectorDistance3\VectorDistance3\Debug\link-cvtres.read.1.tlog
E:\dafang\VectorDistance3\VectorDistance3\Debug\link-cvtres.write.1.tlog
E:\dafang\VectorDistance3\VectorDistance3\Debug\mt.command.1.tlog
E:\dafang\VectorDistance3\VectorDistance3\Debug\mt.read.1.tlog
E:\dafang\VectorDistance3\VectorDistance3\Debug\mt.write.1.tlog
E:\dafang\VectorDistance3\VectorDistance3\Debug\rc.command.1.tlog
E:\dafang\VectorDistance3\VectorDistance3\Debug\rc.read.1.tlog
E:\dafang\VectorDistance3\VectorDistance3\Debug\rc.write.1.tlog
E:\DAFANG\VECTORDISTANCE3\VECTORDISTANCE3\DEBUG\VECTORDISTANCE3.EXE.EMBED.MANIFEST
E:\DAFANG\VECTORDISTANCE3\VECTORDISTANCE3\DEBUG\VECTORDISTANCE3.EXE.EMBED.MANIFEST.RES
E:\DAFANG\VECTORDISTANCE3\VECTORDISTANCE3\DEBUG\VECTORDISTANCE3.EXE.INTERMEDIATE.MANIFEST
E:\dafang\VectorDistance3\VectorDistance3\Debug\VectorDistance3_manifest.rc
