生成启动时间为 2015/5/5 22:20:02。
     1>项目“E:\dafang\VectorDistance2\VectorDistance2\VectorDistance2.vcxproj”在节点 2 上(build 个目标)。
     1>InitializeBuildStatus:
         正在对“Debug\VectorDistance2.unsuccessfulbuild”执行 Touch 任务。
       AddCudaCompileDeps:
         d:\Program Files (x86)\Microsoft Visual Studio 10.0\VC\bin\cl.exe /E /nologo /showIncludes /TP /D__CUDACC__ /D_MBCS /I"C:\Program Files (x86)\NVIDIA GPU Computing Toolkit\CUDA\v5.0\include" /I"C:\Program Files (x86)\NVIDIA GPU Computing Toolkit\CUDA\v5.0\bin" /I"C:\Program Files (x86)\NVIDIA GPU Computing Toolkit\CUDA\v5.0\include" /I. /FIcuda_runtime.h /c E:\dafang\VectorDistance2\VectorDistance2\kernel.cu 
       AddCudaCompilePropsDeps:
       正在跳过目标“AddCudaCompilePropsDeps”，因为所有输出文件相对于输入文件而言都是最新的。
       CudaBuild:
         Compiling CUDA source file kernel.cu...
         cmd.exe /C "C:\Users\Administrator\AppData\Local\Temp\2c199229b2644bc7bc4cf2c16dded3e2.cmd"
         "C:\Program Files (x86)\NVIDIA GPU Computing Toolkit\CUDA\v5.0\bin\nvcc.exe" -gencode=arch=compute_10,code=\"sm_10,compute_10\" --use-local-env --cl-version 2010 -ccbin "d:\Program Files (x86)\Microsoft Visual Studio 10.0\VC\bin"  -I"C:\Program Files (x86)\NVIDIA GPU Computing Toolkit\CUDA\v5.0\include" -I"C:\Program Files (x86)\NVIDIA GPU Computing Toolkit\CUDA\v5.0\include"  -G   --keep-dir "Debug" -maxrregcount=0  --machine 32 --compile  -g   -D_MBCS -Xcompiler "/EHsc /W3 /nologo /Od /Zi /RTC1 /MDd  " -o "Debug\kernel.cu.obj" "E:\dafang\VectorDistance2\VectorDistance2\kernel.cu"
         
         E:\dafang\VectorDistance2\VectorDistance2>"C:\Program Files (x86)\NVIDIA GPU Computing Toolkit\CUDA\v5.0\bin\nvcc.exe" -gencode=arch=compute_10,code=\"sm_10,compute_10\" --use-local-env --cl-version 2010 -ccbin "d:\Program Files (x86)\Microsoft Visual Studio 10.0\VC\bin"  -I"C:\Program Files (x86)\NVIDIA GPU Computing Toolkit\CUDA\v5.0\include" -I"C:\Program Files (x86)\NVIDIA GPU Computing Toolkit\CUDA\v5.0\include"  -G   --keep-dir "Debug" -maxrregcount=0  --machine 32 --compile  -g   -D_MBCS -Xcompiler "/EHsc /W3 /nologo /Od /Zi /RTC1 /MDd  " -o "Debug\kernel.cu.obj" "E:\dafang\VectorDistance2\VectorDistance2\kernel.cu" 
         kernel.cu
     1>c:\program files (x86)\nvidia gpu computing toolkit\cuda\v5.0\include\math_functions.h : warning C4819: 该文件包含不能在当前代码页(936)中表示的字符。请将该文件保存为 Unicode 格式以防止数据丢失
     1>c:\program files (x86)\nvidia gpu computing toolkit\cuda\v5.0\include\math_functions.h(876): warning C4819: 该文件包含不能在当前代码页(936)中表示的字符。请将该文件保存为 Unicode 格式以防止数据丢失
     1>c:\program files (x86)\nvidia gpu computing toolkit\cuda\v5.0\include\math_functions.h(1846): warning C4819: 该文件包含不能在当前代码页(936)中表示的字符。请将该文件保存为 Unicode 格式以防止数据丢失
     1>c:\program files (x86)\nvidia gpu computing toolkit\cuda\v5.0\include\math_functions.h(2750): warning C4819: 该文件包含不能在当前代码页(936)中表示的字符。请将该文件保存为 Unicode 格式以防止数据丢失
     1>c:\program files (x86)\nvidia gpu computing toolkit\cuda\v5.0\include\math_functions.h(3698): warning C4819: 该文件包含不能在当前代码页(936)中表示的字符。请将该文件保存为 Unicode 格式以防止数据丢失
     1>c:\program files (x86)\nvidia gpu computing toolkit\cuda\v5.0\include\math_functions.h(4608): warning C4819: 该文件包含不能在当前代码页(936)中表示的字符。请将该文件保存为 Unicode 格式以防止数据丢失
     1>c:\program files (x86)\nvidia gpu computing toolkit\cuda\v5.0\include\math_functions.h(5503): warning C4819: 该文件包含不能在当前代码页(936)中表示的字符。请将该文件保存为 Unicode 格式以防止数据丢失
     1>c:\program files (x86)\nvidia gpu computing toolkit\cuda\v5.0\include\math_functions.h(6405): warning C4819: 该文件包含不能在当前代码页(936)中表示的字符。请将该文件保存为 Unicode 格式以防止数据丢失
     1>c:\program files (x86)\nvidia gpu computing toolkit\cuda\v5.0\include\math_functions.h(7317): warning C4819: 该文件包含不能在当前代码页(936)中表示的字符。请将该文件保存为 Unicode 格式以防止数据丢失
     1>c:\program files (x86)\nvidia gpu computing toolkit\cuda\v5.0\include\device_functions.h : warning C4819: 该文件包含不能在当前代码页(936)中表示的字符。请将该文件保存为 Unicode 格式以防止数据丢失
     1>c:\program files (x86)\nvidia gpu computing toolkit\cuda\v5.0\include\device_functions.h(783): warning C4819: 该文件包含不能在当前代码页(936)中表示的字符。请将该文件保存为 Unicode 格式以防止数据丢失
     1>c:\program files (x86)\nvidia gpu computing toolkit\cuda\v5.0\include\device_functions.h(1662): warning C4819: 该文件包含不能在当前代码页(936)中表示的字符。请将该文件保存为 Unicode 格式以防止数据丢失
         tmpxft_00000fb8_00000000-2_kernel.cudafe1.gpu
     1>c:\program files (x86)\nvidia gpu computing toolkit\cuda\v5.0\include\math_functions.h : warning C4819: 该文件包含不能在当前代码页(936)中表示的字符。请将该文件保存为 Unicode 格式以防止数据丢失
     1>c:\program files (x86)\nvidia gpu computing toolkit\cuda\v5.0\include\math_functions.h(876): warning C4819: 该文件包含不能在当前代码页(936)中表示的字符。请将该文件保存为 Unicode 格式以防止数据丢失
     1>c:\program files (x86)\nvidia gpu computing toolkit\cuda\v5.0\include\math_functions.h(1846): warning C4819: 该文件包含不能在当前代码页(936)中表示的字符。请将该文件保存为 Unicode 格式以防止数据丢失
     1>c:\program files (x86)\nvidia gpu computing toolkit\cuda\v5.0\include\math_functions.h(2750): warning C4819: 该文件包含不能在当前代码页(936)中表示的字符。请将该文件保存为 Unicode 格式以防止数据丢失
     1>c:\program files (x86)\nvidia gpu computing toolkit\cuda\v5.0\include\math_functions.h(3698): warning C4819: 该文件包含不能在当前代码页(936)中表示的字符。请将该文件保存为 Unicode 格式以防止数据丢失
     1>c:\program files (x86)\nvidia gpu computing toolkit\cuda\v5.0\include\math_functions.h(4608): warning C4819: 该文件包含不能在当前代码页(936)中表示的字符。请将该文件保存为 Unicode 格式以防止数据丢失
     1>c:\program files (x86)\nvidia gpu computing toolkit\cuda\v5.0\include\math_functions.h(5503): warning C4819: 该文件包含不能在当前代码页(936)中表示的字符。请将该文件保存为 Unicode 格式以防止数据丢失
     1>c:\program files (x86)\nvidia gpu computing toolkit\cuda\v5.0\include\math_functions.h(6405): warning C4819: 该文件包含不能在当前代码页(936)中表示的字符。请将该文件保存为 Unicode 格式以防止数据丢失
     1>c:\program files (x86)\nvidia gpu computing toolkit\cuda\v5.0\include\math_functions.h(7317): warning C4819: 该文件包含不能在当前代码页(936)中表示的字符。请将该文件保存为 Unicode 格式以防止数据丢失
         tmpxft_00000fb8_00000000-7_kernel.cudafe2.gpu
     1>c:\program files (x86)\nvidia gpu computing toolkit\cuda\v5.0\include\math_functions.h : warning C4819: 该文件包含不能在当前代码页(936)中表示的字符。请将该文件保存为 Unicode 格式以防止数据丢失
     1>c:\program files (x86)\nvidia gpu computing toolkit\cuda\v5.0\include\math_functions.h(876): warning C4819: 该文件包含不能在当前代码页(936)中表示的字符。请将该文件保存为 Unicode 格式以防止数据丢失
     1>c:\program files (x86)\nvidia gpu computing toolkit\cuda\v5.0\include\math_functions.h(1846): warning C4819: 该文件包含不能在当前代码页(936)中表示的字符。请将该文件保存为 Unicode 格式以防止数据丢失
     1>c:\program files (x86)\nvidia gpu computing toolkit\cuda\v5.0\include\math_functions.h(2750): warning C4819: 该文件包含不能在当前代码页(936)中表示的字符。请将该文件保存为 Unicode 格式以防止数据丢失
     1>c:\program files (x86)\nvidia gpu computing toolkit\cuda\v5.0\include\math_functions.h(3698): warning C4819: 该文件包含不能在当前代码页(936)中表示的字符。请将该文件保存为 Unicode 格式以防止数据丢失
     1>c:\program files (x86)\nvidia gpu computing toolkit\cuda\v5.0\include\math_functions.h(4608): warning C4819: 该文件包含不能在当前代码页(936)中表示的字符。请将该文件保存为 Unicode 格式以防止数据丢失
     1>c:\program files (x86)\nvidia gpu computing toolkit\cuda\v5.0\include\math_functions.h(5503): warning C4819: 该文件包含不能在当前代码页(936)中表示的字符。请将该文件保存为 Unicode 格式以防止数据丢失
     1>c:\program files (x86)\nvidia gpu computing toolkit\cuda\v5.0\include\math_functions.h(6405): warning C4819: 该文件包含不能在当前代码页(936)中表示的字符。请将该文件保存为 Unicode 格式以防止数据丢失
     1>c:\program files (x86)\nvidia gpu computing toolkit\cuda\v5.0\include\math_functions.h(7317): warning C4819: 该文件包含不能在当前代码页(936)中表示的字符。请将该文件保存为 Unicode 格式以防止数据丢失
     1>c:\program files (x86)\nvidia gpu computing toolkit\cuda\v5.0\include\device_functions.h : warning C4819: 该文件包含不能在当前代码页(936)中表示的字符。请将该文件保存为 Unicode 格式以防止数据丢失
     1>c:\program files (x86)\nvidia gpu computing toolkit\cuda\v5.0\include\device_functions.h(783): warning C4819: 该文件包含不能在当前代码页(936)中表示的字符。请将该文件保存为 Unicode 格式以防止数据丢失
     1>c:\program files (x86)\nvidia gpu computing toolkit\cuda\v5.0\include\device_functions.h(1662): warning C4819: 该文件包含不能在当前代码页(936)中表示的字符。请将该文件保存为 Unicode 格式以防止数据丢失
         kernel.cu
     1>c:\program files (x86)\nvidia gpu computing toolkit\cuda\v5.0\include\math_functions.h : warning C4819: 该文件包含不能在当前代码页(936)中表示的字符。请将该文件保存为 Unicode 格式以防止数据丢失
     1>c:\program files (x86)\nvidia gpu computing toolkit\cuda\v5.0\include\math_functions.h(876): warning C4819: 该文件包含不能在当前代码页(936)中表示的字符。请将该文件保存为 Unicode 格式以防止数据丢失
     1>c:\program files (x86)\nvidia gpu computing toolkit\cuda\v5.0\include\math_functions.h(1846): warning C4819: 该文件包含不能在当前代码页(936)中表示的字符。请将该文件保存为 Unicode 格式以防止数据丢失
     1>c:\program files (x86)\nvidia gpu computing toolkit\cuda\v5.0\include\math_functions.h(2750): warning C4819: 该文件包含不能在当前代码页(936)中表示的字符。请将该文件保存为 Unicode 格式以防止数据丢失
     1>c:\program files (x86)\nvidia gpu computing toolkit\cuda\v5.0\include\math_functions.h(3698): warning C4819: 该文件包含不能在当前代码页(936)中表示的字符。请将该文件保存为 Unicode 格式以防止数据丢失
     1>c:\program files (x86)\nvidia gpu computing toolkit\cuda\v5.0\include\math_functions.h(4608): warning C4819: 该文件包含不能在当前代码页(936)中表示的字符。请将该文件保存为 Unicode 格式以防止数据丢失
     1>c:\program files (x86)\nvidia gpu computing toolkit\cuda\v5.0\include\math_functions.h(5503): warning C4819: 该文件包含不能在当前代码页(936)中表示的字符。请将该文件保存为 Unicode 格式以防止数据丢失
     1>c:\program files (x86)\nvidia gpu computing toolkit\cuda\v5.0\include\math_functions.h(6405): warning C4819: 该文件包含不能在当前代码页(936)中表示的字符。请将该文件保存为 Unicode 格式以防止数据丢失
     1>c:\program files (x86)\nvidia gpu computing toolkit\cuda\v5.0\include\math_functions.h(7317): warning C4819: 该文件包含不能在当前代码页(936)中表示的字符。请将该文件保存为 Unicode 格式以防止数据丢失
     1>c:\program files (x86)\nvidia gpu computing toolkit\cuda\v5.0\include\device_functions.h : warning C4819: 该文件包含不能在当前代码页(936)中表示的字符。请将该文件保存为 Unicode 格式以防止数据丢失
     1>c:\program files (x86)\nvidia gpu computing toolkit\cuda\v5.0\include\device_functions.h(783): warning C4819: 该文件包含不能在当前代码页(936)中表示的字符。请将该文件保存为 Unicode 格式以防止数据丢失
     1>c:\program files (x86)\nvidia gpu computing toolkit\cuda\v5.0\include\device_functions.h(1662): warning C4819: 该文件包含不能在当前代码页(936)中表示的字符。请将该文件保存为 Unicode 格式以防止数据丢失
         tmpxft_00000fb8_00000000-2_kernel.cudafe1.cpp
     1>c:\program files (x86)\nvidia gpu computing toolkit\cuda\v5.0\include\math_functions.h : warning C4819: 该文件包含不能在当前代码页(936)中表示的字符。请将该文件保存为 Unicode 格式以防止数据丢失
     1>c:\program files (x86)\nvidia gpu computing toolkit\cuda\v5.0\include\math_functions.h(876): warning C4819: 该文件包含不能在当前代码页(936)中表示的字符。请将该文件保存为 Unicode 格式以防止数据丢失
     1>c:\program files (x86)\nvidia gpu computing toolkit\cuda\v5.0\include\math_functions.h(1846): warning C4819: 该文件包含不能在当前代码页(936)中表示的字符。请将该文件保存为 Unicode 格式以防止数据丢失
     1>c:\program files (x86)\nvidia gpu computing toolkit\cuda\v5.0\include\math_functions.h(2750): warning C4819: 该文件包含不能在当前代码页(936)中表示的字符。请将该文件保存为 Unicode 格式以防止数据丢失
     1>c:\program files (x86)\nvidia gpu computing toolkit\cuda\v5.0\include\math_functions.h(3698): warning C4819: 该文件包含不能在当前代码页(936)中表示的字符。请将该文件保存为 Unicode 格式以防止数据丢失
     1>c:\program files (x86)\nvidia gpu computing toolkit\cuda\v5.0\include\math_functions.h(4608): warning C4819: 该文件包含不能在当前代码页(936)中表示的字符。请将该文件保存为 Unicode 格式以防止数据丢失
     1>c:\program files (x86)\nvidia gpu computing toolkit\cuda\v5.0\include\math_functions.h(5503): warning C4819: 该文件包含不能在当前代码页(936)中表示的字符。请将该文件保存为 Unicode 格式以防止数据丢失
     1>c:\program files (x86)\nvidia gpu computing toolkit\cuda\v5.0\include\math_functions.h(6405): warning C4819: 该文件包含不能在当前代码页(936)中表示的字符。请将该文件保存为 Unicode 格式以防止数据丢失
     1>c:\program files (x86)\nvidia gpu computing toolkit\cuda\v5.0\include\math_functions.h(7317): warning C4819: 该文件包含不能在当前代码页(936)中表示的字符。请将该文件保存为 Unicode 格式以防止数据丢失
         tmpxft_00000fb8_00000000-12_kernel.ii
     1>E:/dafang/VectorDistance2/VectorDistance2/kernel.cu(28): warning C4244: “初始化”: 从“double”转换到“int”，可能丢失数据
     1>E:/dafang/VectorDistance2/VectorDistance2/kernel.cu(32): warning C4244: “初始化”: 从“int”转换到“float”，可能丢失数据
     1>E:/dafang/VectorDistance2/VectorDistance2/kernel.cu(33): warning C4244: “+=”: 从“float”转换到“int”，可能丢失数据
     1>E:/dafang/VectorDistance2/VectorDistance2/kernel.cu(61): warning C4244: “参数”: 从“time_t”转换到“unsigned int”，可能丢失数据
         正在删除文件“tmpxft_00000fb8_00000000-8_kernel.cpp3.o”。
       ManifestResourceCompile:
         所有输出均为最新。
       Link:
         d:\Program Files (x86)\Microsoft Visual Studio 10.0\VC\bin\link.exe /ERRORREPORT:PROMPT /OUT:"E:\dafang\VectorDistance2\Debug\VectorDistance2.exe" /INCREMENTAL /NOLOGO /LIBPATH:"C:\Program Files (x86)\NVIDIA GPU Computing Toolkit\CUDA\v5.0\lib\Win32" cudart.lib kernel32.lib user32.lib gdi32.lib winspool.lib comdlg32.lib advapi32.lib shell32.lib ole32.lib oleaut32.lib uuid.lib odbc32.lib odbccp32.lib kernel32.lib user32.lib gdi32.lib winspool.lib comdlg32.lib advapi32.lib shell32.lib ole32.lib oleaut32.lib uuid.lib odbc32.lib odbccp32.lib /MANIFEST /ManifestFile:"Debug\VectorDistance2.exe.intermediate.manifest" /MANIFESTUAC:"level='asInvoker' uiAccess='false'" /DEBUG /PDB:"E:\dafang\VectorDistance2\Debug\VectorDistance2.pdb" /SUBSYSTEM:CONSOLE /TLBID:1 /DYNAMICBASE /NXCOMPAT /IMPLIB:"E:\dafang\VectorDistance2\Debug\VectorDistance2.lib" /MACHINE:X86 Debug\kernel.cu.obj
         Debug\VectorDistance2.exe.embed.manifest.res
       Manifest:
         C:\Program Files (x86)\Microsoft SDKs\Windows\v7.0A\bin\mt.exe /nologo /verbose /out:"Debug\VectorDistance2.exe.embed.manifest" /manifest Debug\VectorDistance2.exe.intermediate.manifest
         所有输出均为最新。
       LinkEmbedManifest:
         所有输出均为最新。
         VectorDistance2.vcxproj -> E:\dafang\VectorDistance2\Debug\VectorDistance2.exe
       PostBuildEvent:
         echo copy "C:\Program Files (x86)\NVIDIA GPU Computing Toolkit\CUDA\v5.0\bin\cudart*.dll" "E:\dafang\VectorDistance2\Debug\"
         copy "C:\Program Files (x86)\NVIDIA GPU Computing Toolkit\CUDA\v5.0\bin\cudart*.dll" "E:\dafang\VectorDistance2\Debug\"
         :VCEnd
         copy "C:\Program Files (x86)\NVIDIA GPU Computing Toolkit\CUDA\v5.0\bin\cudart*.dll" "E:\dafang\VectorDistance2\Debug\"
         C:\Program Files (x86)\NVIDIA GPU Computing Toolkit\CUDA\v5.0\bin\cudart32_50_35.dll
         已复制         1 个文件。
       FinalizeBuildStatus:
         正在删除文件“Debug\VectorDistance2.unsuccessfulbuild”。
         正在对“Debug\VectorDistance2.lastbuildstate”执行 Touch 任务。
     1>已完成生成项目“E:\dafang\VectorDistance2\VectorDistance2\VectorDistance2.vcxproj”(build 个目标)的操作。

生成成功。

已用时间 00:00:07.99
