E:\DAFANG\VECTORDISTANCE2\DEBUG\VECTORDISTANCE2.EXE
E:\DAFANG\VECTORDISTANCE2\DEBUG\VECTORDISTANCE2.ILK
E:\DAFANG\VECTORDISTANCE2\DEBUG\VECTORDISTANCE2.PDB
E:\dafang\VectorDistance2\VectorDistance2\Debug\kernel.cu.cache
E:\dafang\VectorDistance2\VectorDistance2\Debug\kernel.cu.obj
E:\dafang\VectorDistance2\VectorDistance2\Debug\link.3272.read.1.tlog
E:\dafang\VectorDistance2\VectorDistance2\Debug\link.3272.write.1.tlog
E:\dafang\VectorDistance2\VectorDistance2\Debug\link.3272-cvtres.read.1.tlog
E:\dafang\VectorDistance2\VectorDistance2\Debug\link.3272-cvtres.write.1.tlog
E:\dafang\VectorDistance2\VectorDistance2\Debug\link.command.1.tlog
E:\dafang\VectorDistance2\VectorDistance2\Debug\link.read.1.tlog
E:\dafang\VectorDistance2\VectorDistance2\Debug\link.write.1.tlog
E:\dafang\VectorDistance2\VectorDistance2\Debug\link-cvtres.read.1.tlog
E:\dafang\VectorDistance2\VectorDistance2\Debug\link-cvtres.write.1.tlog
E:\dafang\VectorDistance2\VectorDistance2\Debug\mt.command.1.tlog
E:\dafang\VectorDistance2\VectorDistance2\Debug\mt.read.1.tlog
E:\dafang\VectorDistance2\VectorDistance2\Debug\mt.write.1.tlog
E:\dafang\VectorDistance2\VectorDistance2\Debug\rc.command.1.tlog
E:\dafang\VectorDistance2\VectorDistance2\Debug\rc.read.1.tlog
E:\dafang\VectorDistance2\VectorDistance2\Debug\rc.write.1.tlog
E:\DAFANG\VECTORDISTANCE2\VECTORDISTANCE2\DEBUG\VECTORDISTANCE2.EXE.EMBED.MANIFEST
E:\DAFANG\VECTORDISTANCE2\VECTORDISTANCE2\DEBUG\VECTORDISTANCE2.EXE.EMBED.MANIFEST.RES
E:\DAFANG\VECTORDISTANCE2\VECTORDISTANCE2\DEBUG\VECTORDISTANCE2.EXE.INTERMEDIATE.MANIFEST
E:\dafang\VectorDistance2\VectorDistance2\Debug\VectorDistance2_manifest.rc
