E:\DAFANG\VECTORDISTANCE\DEBUG\VECTORDISTANCE.EXE
E:\DAFANG\VECTORDISTANCE\DEBUG\VECTORDISTANCE.ILK
E:\DAFANG\VECTORDISTANCE\DEBUG\VECTORDISTANCE.PDB
E:\dafang\VectorDistance\VectorDistance\Debug\kernel.cu.cache
E:\dafang\VectorDistance\VectorDistance\Debug\kernel.cu.obj
E:\dafang\VectorDistance\VectorDistance\Debug\link.2576.read.1.tlog
E:\dafang\VectorDistance\VectorDistance\Debug\link.2576.write.1.tlog
E:\dafang\VectorDistance\VectorDistance\Debug\link.2576-cvtres.read.1.tlog
E:\dafang\VectorDistance\VectorDistance\Debug\link.2576-cvtres.write.1.tlog
E:\dafang\VectorDistance\VectorDistance\Debug\link.command.1.tlog
E:\dafang\VectorDistance\VectorDistance\Debug\link.read.1.tlog
E:\dafang\VectorDistance\VectorDistance\Debug\link.write.1.tlog
E:\dafang\VectorDistance\VectorDistance\Debug\link-cvtres.read.1.tlog
E:\dafang\VectorDistance\VectorDistance\Debug\link-cvtres.write.1.tlog
E:\dafang\VectorDistance\VectorDistance\Debug\mt.command.1.tlog
E:\dafang\VectorDistance\VectorDistance\Debug\mt.read.1.tlog
E:\dafang\VectorDistance\VectorDistance\Debug\mt.write.1.tlog
E:\dafang\VectorDistance\VectorDistance\Debug\rc.command.1.tlog
E:\dafang\VectorDistance\VectorDistance\Debug\rc.read.1.tlog
E:\dafang\VectorDistance\VectorDistance\Debug\rc.write.1.tlog
E:\DAFANG\VECTORDISTANCE\VECTORDISTANCE\DEBUG\VECTORDISTANCE.EXE.EMBED.MANIFEST
E:\DAFANG\VECTORDISTANCE\VECTORDISTANCE\DEBUG\VECTORDISTANCE.EXE.EMBED.MANIFEST.RES
E:\DAFANG\VECTORDISTANCE\VECTORDISTANCE\DEBUG\VECTORDISTANCE.EXE.INTERMEDIATE.MANIFEST
E:\dafang\VectorDistance\VectorDistance\Debug\VectorDistance_manifest.rc
